<?xml version="1.0" encoding="UTF-8"?>
<testsuite xmlns:xsi="http://www.w3.org/2001/XMLSchema-instance" xsi:noNamespaceSchemaLocation="https://maven.apache.org/surefire/maven-surefire-plugin/xsd/surefire-test-report.xsd" name="TestSuite" time="237.02" tests="7" errors="0" skipped="3" failures="4">
  <properties>
    <property name="java.specification.version" value="14"/>
    <property name="sun.cpu.isalist" value="amd64"/>
    <property name="sun.jnu.encoding" value="Cp1252"/>
    <property name="java.class.path" value="C:\Users\sunil_Anil\Desktop\Attra-CoreJavaTraining\Codes\FirstMaven\target\test-classes;C:\Users\sunil_Anil\Desktop\Attra-CoreJavaTraining\Codes\FirstMaven\target\classes;C:\Users\sunil_Anil\.m2\repository\junit\junit\4.11\junit-4.11.jar;C:\Users\sunil_Anil\.m2\repository\org\hamcrest\hamcrest-core\1.3\hamcrest-core-1.3.jar;C:\Users\sunil_Anil\.m2\repository\org\testng\testng\6.8\testng-6.8.jar;C:\Users\sunil_Anil\.m2\repository\org\beanshell\bsh\2.0b4\bsh-2.0b4.jar;C:\Users\sunil_Anil\.m2\repository\com\beust\jcommander\1.27\jcommander-1.27.jar;C:\Users\sunil_Anil\.m2\repository\org\yaml\snakeyaml\1.6\snakeyaml-1.6.jar;C:\Users\sunil_Anil\.m2\repository\org\seleniumhq\selenium\selenium-java\3.141.59\selenium-java-3.141.59.jar;C:\Users\sunil_Anil\.m2\repository\org\seleniumhq\selenium\selenium-api\3.141.59\selenium-api-3.141.59.jar;C:\Users\sunil_Anil\.m2\repository\org\seleniumhq\selenium\selenium-chrome-driver\3.141.59\selenium-chrome-driver-3.141.59.jar;C:\Users\sunil_Anil\.m2\repository\org\seleniumhq\selenium\selenium-edge-driver\3.141.59\selenium-edge-driver-3.141.59.jar;C:\Users\sunil_Anil\.m2\repository\org\seleniumhq\selenium\selenium-firefox-driver\3.141.59\selenium-firefox-driver-3.141.59.jar;C:\Users\sunil_Anil\.m2\repository\org\seleniumhq\selenium\selenium-ie-driver\3.141.59\selenium-ie-driver-3.141.59.jar;C:\Users\sunil_Anil\.m2\repository\org\seleniumhq\selenium\selenium-opera-driver\3.141.59\selenium-opera-driver-3.141.59.jar;C:\Users\sunil_Anil\.m2\repository\org\seleniumhq\selenium\selenium-remote-driver\3.141.59\selenium-remote-driver-3.141.59.jar;C:\Users\sunil_Anil\.m2\repository\org\seleniumhq\selenium\selenium-safari-driver\3.141.59\selenium-safari-driver-3.141.59.jar;C:\Users\sunil_Anil\.m2\repository\org\seleniumhq\selenium\selenium-support\3.141.59\selenium-support-3.141.59.jar;C:\Users\sunil_Anil\.m2\repository\net\bytebuddy\byte-buddy\1.8.15\byte-buddy-1.8.15.jar;C:\Users\sunil_Anil\.m2\repository\org\apache\commons\commons-exec\1.3\commons-exec-1.3.jar;C:\Users\sunil_Anil\.m2\repository\com\google\guava\guava\25.0-jre\guava-25.0-jre.jar;C:\Users\sunil_Anil\.m2\repository\com\google\code\findbugs\jsr305\1.3.9\jsr305-1.3.9.jar;C:\Users\sunil_Anil\.m2\repository\org\checkerframework\checker-compat-qual\2.0.0\checker-compat-qual-2.0.0.jar;C:\Users\sunil_Anil\.m2\repository\com\google\errorprone\error_prone_annotations\2.1.3\error_prone_annotations-2.1.3.jar;C:\Users\sunil_Anil\.m2\repository\com\google\j2objc\j2objc-annotations\1.1\j2objc-annotations-1.1.jar;C:\Users\sunil_Anil\.m2\repository\org\codehaus\mojo\animal-sniffer-annotations\1.14\animal-sniffer-annotations-1.14.jar;C:\Users\sunil_Anil\.m2\repository\com\squareup\okhttp3\okhttp\3.11.0\okhttp-3.11.0.jar;C:\Users\sunil_Anil\.m2\repository\com\squareup\okio\okio\1.14.0\okio-1.14.0.jar;C:\Users\sunil_Anil\.m2\repository\org\apache\poi\poi\4.1.1\poi-4.1.1.jar;C:\Users\sunil_Anil\.m2\repository\commons-codec\commons-codec\1.13\commons-codec-1.13.jar;C:\Users\sunil_Anil\.m2\repository\org\apache\commons\commons-collections4\4.4\commons-collections4-4.4.jar;C:\Users\sunil_Anil\.m2\repository\org\apache\commons\commons-math3\3.6.1\commons-math3-3.6.1.jar;C:\Users\sunil_Anil\.m2\repository\org\apache\poi\poi-ooxml\4.1.1\poi-ooxml-4.1.1.jar;C:\Users\sunil_Anil\.m2\repository\org\apache\poi\poi-ooxml-schemas\4.1.1\poi-ooxml-schemas-4.1.1.jar;C:\Users\sunil_Anil\.m2\repository\org\apache\xmlbeans\xmlbeans\3.1.0\xmlbeans-3.1.0.jar;C:\Users\sunil_Anil\.m2\repository\org\apache\commons\commons-compress\1.19\commons-compress-1.19.jar;C:\Users\sunil_Anil\.m2\repository\com\github\virtuald\curvesapi\1.06\curvesapi-1.06.jar;"/>
    <property name="java.vm.vendor" value="Oracle Corporation"/>
    <property name="sun.arch.data.model" value="64"/>
    <property name="user.variant" value=""/>
    <property name="java.vendor.url" value="https://java.oracle.com/"/>
    <property name="user.timezone" value="Asia/Calcutta"/>
    <property name="os.name" value="Windows 10"/>
    <property name="java.vm.specification.version" value="14"/>
    <property name="sun.java.launcher" value="SUN_STANDARD"/>
    <property name="user.country" value="IN"/>
    <property name="sun.boot.library.path" value="C:\Program Files\Java\jdk-14\bin"/>
    <property name="sun.java.command" value="C:\Users\SUNIL_~1\AppData\Local\Temp\surefire9055271490337219139\surefirebooter2732688318341429708.jar C:\Users\sunil_Anil\AppData\Local\Temp\surefire9055271490337219139 2020-06-11T21-25-37_526-jvmRun1 surefire10390527408426579824tmp surefire_012332339496410760818tmp"/>
    <property name="jdk.debug" value="release"/>
    <property name="surefire.test.class.path" value="C:\Users\sunil_Anil\Desktop\Attra-CoreJavaTraining\Codes\FirstMaven\target\test-classes;C:\Users\sunil_Anil\Desktop\Attra-CoreJavaTraining\Codes\FirstMaven\target\classes;C:\Users\sunil_Anil\.m2\repository\junit\junit\4.11\junit-4.11.jar;C:\Users\sunil_Anil\.m2\repository\org\hamcrest\hamcrest-core\1.3\hamcrest-core-1.3.jar;C:\Users\sunil_Anil\.m2\repository\org\testng\testng\6.8\testng-6.8.jar;C:\Users\sunil_Anil\.m2\repository\org\beanshell\bsh\2.0b4\bsh-2.0b4.jar;C:\Users\sunil_Anil\.m2\repository\com\beust\jcommander\1.27\jcommander-1.27.jar;C:\Users\sunil_Anil\.m2\repository\org\yaml\snakeyaml\1.6\snakeyaml-1.6.jar;C:\Users\sunil_Anil\.m2\repository\org\seleniumhq\selenium\selenium-java\3.141.59\selenium-java-3.141.59.jar;C:\Users\sunil_Anil\.m2\repository\org\seleniumhq\selenium\selenium-api\3.141.59\selenium-api-3.141.59.jar;C:\Users\sunil_Anil\.m2\repository\org\seleniumhq\selenium\selenium-chrome-driver\3.141.59\selenium-chrome-driver-3.141.59.jar;C:\Users\sunil_Anil\.m2\repository\org\seleniumhq\selenium\selenium-edge-driver\3.141.59\selenium-edge-driver-3.141.59.jar;C:\Users\sunil_Anil\.m2\repository\org\seleniumhq\selenium\selenium-firefox-driver\3.141.59\selenium-firefox-driver-3.141.59.jar;C:\Users\sunil_Anil\.m2\repository\org\seleniumhq\selenium\selenium-ie-driver\3.141.59\selenium-ie-driver-3.141.59.jar;C:\Users\sunil_Anil\.m2\repository\org\seleniumhq\selenium\selenium-opera-driver\3.141.59\selenium-opera-driver-3.141.59.jar;C:\Users\sunil_Anil\.m2\repository\org\seleniumhq\selenium\selenium-remote-driver\3.141.59\selenium-remote-driver-3.141.59.jar;C:\Users\sunil_Anil\.m2\repository\org\seleniumhq\selenium\selenium-safari-driver\3.141.59\selenium-safari-driver-3.141.59.jar;C:\Users\sunil_Anil\.m2\repository\org\seleniumhq\selenium\selenium-support\3.141.59\selenium-support-3.141.59.jar;C:\Users\sunil_Anil\.m2\repository\net\bytebuddy\byte-buddy\1.8.15\byte-buddy-1.8.15.jar;C:\Users\sunil_Anil\.m2\repository\org\apache\commons\commons-exec\1.3\commons-exec-1.3.jar;C:\Users\sunil_Anil\.m2\repository\com\google\guava\guava\25.0-jre\guava-25.0-jre.jar;C:\Users\sunil_Anil\.m2\repository\com\google\code\findbugs\jsr305\1.3.9\jsr305-1.3.9.jar;C:\Users\sunil_Anil\.m2\repository\org\checkerframework\checker-compat-qual\2.0.0\checker-compat-qual-2.0.0.jar;C:\Users\sunil_Anil\.m2\repository\com\google\errorprone\error_prone_annotations\2.1.3\error_prone_annotations-2.1.3.jar;C:\Users\sunil_Anil\.m2\repository\com\google\j2objc\j2objc-annotations\1.1\j2objc-annotations-1.1.jar;C:\Users\sunil_Anil\.m2\repository\org\codehaus\mojo\animal-sniffer-annotations\1.14\animal-sniffer-annotations-1.14.jar;C:\Users\sunil_Anil\.m2\repository\com\squareup\okhttp3\okhttp\3.11.0\okhttp-3.11.0.jar;C:\Users\sunil_Anil\.m2\repository\com\squareup\okio\okio\1.14.0\okio-1.14.0.jar;C:\Users\sunil_Anil\.m2\repository\org\apache\poi\poi\4.1.1\poi-4.1.1.jar;C:\Users\sunil_Anil\.m2\repository\commons-codec\commons-codec\1.13\commons-codec-1.13.jar;C:\Users\sunil_Anil\.m2\repository\org\apache\commons\commons-collections4\4.4\commons-collections4-4.4.jar;C:\Users\sunil_Anil\.m2\repository\org\apache\commons\commons-math3\3.6.1\commons-math3-3.6.1.jar;C:\Users\sunil_Anil\.m2\repository\org\apache\poi\poi-ooxml\4.1.1\poi-ooxml-4.1.1.jar;C:\Users\sunil_Anil\.m2\repository\org\apache\poi\poi-ooxml-schemas\4.1.1\poi-ooxml-schemas-4.1.1.jar;C:\Users\sunil_Anil\.m2\repository\org\apache\xmlbeans\xmlbeans\3.1.0\xmlbeans-3.1.0.jar;C:\Users\sunil_Anil\.m2\repository\org\apache\commons\commons-compress\1.19\commons-compress-1.19.jar;C:\Users\sunil_Anil\.m2\repository\com\github\virtuald\curvesapi\1.06\curvesapi-1.06.jar;"/>
    <property name="sun.cpu.endian" value="little"/>
    <property name="user.home" value="C:\Users\sunil_Anil"/>
    <property name="user.language" value="en"/>
    <property name="java.specification.vendor" value="Oracle Corporation"/>
    <property name="java.version.date" value="2020-03-17"/>
    <property name="java.home" value="C:\Program Files\Java\jdk-14"/>
    <property name="file.separator" value="\"/>
    <property name="basedir" value="C:\Users\sunil_Anil\Desktop\Attra-CoreJavaTraining\Codes\FirstMaven"/>
    <property name="java.vm.compressedOopsMode" value="32-bit"/>
    <property name="line.separator" value="&#10;"/>
    <property name="java.vm.specification.vendor" value="Oracle Corporation"/>
    <property name="java.specification.name" value="Java Platform API Specification"/>
    <property name="surefire.real.class.path" value="C:\Users\SUNIL_~1\AppData\Local\Temp\surefire9055271490337219139\surefirebooter2732688318341429708.jar"/>
    <property name="user.script" value=""/>
    <property name="sun.management.compiler" value="HotSpot 64-Bit Tiered Compilers"/>
    <property name="java.runtime.version" value="14+36-1461"/>
    <property name="user.name" value="sunil_Anil"/>
    <property name="path.separator" value=";"/>
    <property name="os.version" value="10.0"/>
    <property name="java.runtime.name" value="Java(TM) SE Runtime Environment"/>
    <property name="file.encoding" value="Cp1252"/>
    <property name="java.vm.name" value="Java HotSpot(TM) 64-Bit Server VM"/>
    <property name="localRepository" value="C:\Users\sunil_Anil\.m2\repository"/>
    <property name="java.vendor.url.bug" value="https://bugreport.java.com/bugreport/"/>
    <property name="java.io.tmpdir" value="C:\Users\SUNIL_~1\AppData\Local\Temp\"/>
    <property name="java.version" value="14"/>
    <property name="user.dir" value="C:\Users\sunil_Anil\Desktop\Attra-CoreJavaTraining\Codes\FirstMaven"/>
    <property name="os.arch" value="amd64"/>
    <property name="java.vm.specification.name" value="Java Virtual Machine Specification"/>
    <property name="sun.os.patch.level" value=""/>
    <property name="java.library.path" value="C:\Program Files\Java\jdk-14\bin;C:\WINDOWS\Sun\Java\bin;C:\WINDOWS\system32;C:\WINDOWS;C:/Program Files/Java/jdk-14/bin/server;C:/Program Files/Java/jdk-14/bin;C:\Program Files\Java\jdk-14\bin;C:\Program Files\Git\cmd;C:\Program Files\Python35;C:\Users\sunil_Anil\AppData\Local\Microsoft\WindowsApps;C:\Program Files (x86)\Microsoft VS Code\bin;C:\Users\sunil_Anil\AppData\Roaming\npm;C:\Program Files\nodejs;;C:\WINDOWS\System32;;."/>
    <property name="java.vm.info" value="mixed mode, sharing"/>
    <property name="java.vendor" value="Oracle Corporation"/>
    <property name="java.vm.version" value="14+36-1461"/>
    <property name="sun.io.unicode.encoding" value="UnicodeLittle"/>
    <property name="java.class.version" value="58.0"/>
  </properties>
  <testcase name="LoginTest" classname="Assignment3.Test_TC001" time="19.316">
    <failure message="Cannot locate an element using id=header-account-menu&#10;For documentation on this error, please visit: https://www.seleniumhq.org/exceptions/no_such_element.html&#10;Build info: version: &apos;3.141.59&apos;, revision: &apos;e82be7d358&apos;, time: &apos;2018-11-14T08:17:03&apos;&#10;System info: host: &apos;LAPTOP-CHFSUI5B&apos;, ip: &apos;192.168.100.12&apos;, os.name: &apos;Windows 10&apos;, os.arch: &apos;amd64&apos;, os.version: &apos;10.0&apos;, java.version: &apos;14&apos;&#10;Driver info: driver.version: RemoteWebDriver" type="org.openqa.selenium.NoSuchElementException">org.openqa.selenium.NoSuchElementException: 
Cannot locate an element using id=header-account-menu
For documentation on this error, please visit: https://www.seleniumhq.org/exceptions/no_such_element.html
Build info: version: '3.141.59', revision: 'e82be7d358', time: '2018-11-14T08:17:03'
System info: host: 'LAPTOP-CHFSUI5B', ip: '192.168.100.12', os.name: 'Windows 10', os.arch: 'amd64', os.version: '10.0', java.version: '14'
Driver info: driver.version: RemoteWebDriver
	at Assignment3.Test_TC001.LoginTest(Test_TC001.java:32)
</failure>
    <system-err><![CDATA[Starting ChromeDriver 81.0.4044.138 (8c6c7ba89cc9453625af54f11fd83179e23450fa-refs/branch-heads/4044@{#999}) on port 2634
Only local connections are allowed.
Please protect ports used by ChromeDriver and related test frameworks to prevent access by malicious code.
Jun 11, 2020 9:25:43 PM org.openqa.selenium.remote.ProtocolHandshake createSession
INFO: Detected dialect: W3C
[1591890948.864][SEVERE]: Timed out receiving message from renderer: 0.100
[1591890949.900][SEVERE]: Timed out receiving message from renderer: 0.100
[1591890950.208][SEVERE]: Timed out receiving message from renderer: 0.100
[1591890950.950][SEVERE]: Timed out receiving message from renderer: 0.100
[1591890951.061][SEVERE]: Timed out receiving message from renderer: 0.100
[1591890951.165][SEVERE]: Timed out receiving message from renderer: 0.100
[1591890951.355][SEVERE]: Timed out receiving message from renderer: 0.100
[1591890951.484][SEVERE]: Timed out receiving message from renderer: 0.100
[1591890951.592][SEVERE]: Timed out receiving message from renderer: 0.100
[1591890951.715][SEVERE]: Timed out receiving message from renderer: 0.100
[1591890951.830][SEVERE]: Timed out receiving message from renderer: 0.100
[1591890951.948][SEVERE]: Timed out receiving message from renderer: 0.100
[1591890952.052][SEVERE]: Timed out receiving message from renderer: 0.100
[1591890952.161][SEVERE]: Timed out receiving message from renderer: 0.100
[1591890952.430][SEVERE]: Timed out receiving message from renderer: 0.100
[1591890952.548][SEVERE]: Timed out receiving message from renderer: 0.100
[1591890952.960][SEVERE]: Timed out receiving message from renderer: 0.100
[1591890953.072][SEVERE]: Timed out receiving message from renderer: 0.100
[1591890953.186][SEVERE]: Timed out receiving message from renderer: 0.100
[1591890953.343][SEVERE]: Timed out receiving message from renderer: 0.100
[1591890953.494][SEVERE]: Timed out receiving message from renderer: 0.100
[1591890953.597][SEVERE]: Timed out receiving message from renderer: 0.100
[1591890953.702][SEVERE]: Timed out receiving message from renderer: 0.100
[1591890953.810][SEVERE]: Timed out receiving message from renderer: 0.100
[1591890953.928][SEVERE]: Timed out receiving message from renderer: 0.100
[1591890954.031][SEVERE]: Timed out receiving message from renderer: 0.100
[1591890954.147][SEVERE]: Timed out receiving message from renderer: 0.100
[1591890954.277][SEVERE]: Timed out receiving message from renderer: 0.100
]]></system-err>
  </testcase>
  <testcase name="TC_001" classname="Assignment3.Test_TC001" time="0">
    <skipped/>
    <system-out><![CDATA[Hyderabad			Bengaluru			15-06-2020		25-08-2020		HYD to BLR Flights | Expedia			
Hyderabad			Vijayawada			15-06-2020		25-08-2020		HYD to VGA Flights | Expedia			
Delhi			Hyderabad			15-06-2020		25-08-2020		DEL to HYD Flights | Expedia			
]]></system-out>
  </testcase>
  <testcase name="TC_001" classname="Assignment3.Test_TC001" time="0">
    <skipped/>
  </testcase>
  <testcase name="TC_001" classname="Assignment3.Test_TC001" time="0">
    <skipped/>
  </testcase>
  <testcase name="TC002" classname="Assignment3.Test_TC002" time="134.494">
    <failure message="expected [Yerawada,] but found [Hyderabad]" type="java.lang.AssertionError">java.lang.AssertionError: expected [Yerawada,] but found [Hyderabad]
	at Assignment3.Test_TC002.TC002(Test_TC002.java:55)
</failure>
    <system-out><![CDATA[_______________________________
TC-001 STEP-1: SUCCESS
_______________________________
Hyderabad			15-06-2020		25-06-2020		
Bengaluru			15-06-2020		25-06-2020		
Delhi			15-06-2020		25-06-2020		
_______________________________
TC-001 STEP-1: SUCCESS
_______________________________
_______________________________
TC-002 STEP-3: 1. Click on Hotel tab  SUCCESS
_______________________________
_______________________________
TC-001 STEP-3: 2. Select all required fields using data driven concept with excel parameterization SUCCESS
_______________________________
Page Title: Yerawada, Pune, Maharashtra, India Hotel Search Results


Yerawada,


]]></system-out>
    <system-err><![CDATA[Starting ChromeDriver 81.0.4044.138 (8c6c7ba89cc9453625af54f11fd83179e23450fa-refs/branch-heads/4044@{#999}) on port 11917
Only local connections are allowed.
Please protect ports used by ChromeDriver and related test frameworks to prevent access by malicious code.
Jun 11, 2020 9:26:02 PM org.openqa.selenium.remote.ProtocolHandshake createSession
INFO: Detected dialect: W3C
[1591890965.644][SEVERE]: Timed out receiving message from renderer: 0.100
[1591890965.867][SEVERE]: Timed out receiving message from renderer: 0.100
[1591890966.302][SEVERE]: Timed out receiving message from renderer: 0.100
[1591890966.404][SEVERE]: Timed out receiving message from renderer: 0.100
[1591890966.509][SEVERE]: Timed out receiving message from renderer: 0.100
[1591890966.614][SEVERE]: Timed out receiving message from renderer: 0.100
[1591890966.810][SEVERE]: Timed out receiving message from renderer: 0.100
[1591890966.912][SEVERE]: Timed out receiving message from renderer: 0.100
[1591890967.067][SEVERE]: Timed out receiving message from renderer: 0.100
[1591890967.170][SEVERE]: Timed out receiving message from renderer: 0.100
[1591890967.292][SEVERE]: Timed out receiving message from renderer: 0.100
[1591890967.503][SEVERE]: Timed out receiving message from renderer: 0.100
[1591890967.697][SEVERE]: Timed out receiving message from renderer: 0.100
[1591890967.896][SEVERE]: Timed out receiving message from renderer: 0.100
[1591890968.021][SEVERE]: Timed out receiving message from renderer: 0.100
[1591890968.125][SEVERE]: Timed out receiving message from renderer: 0.100
[1591890968.226][SEVERE]: Timed out receiving message from renderer: 0.100
[1591890968.329][SEVERE]: Timed out receiving message from renderer: 0.100
[1591890968.431][SEVERE]: Timed out receiving message from renderer: 0.100
[1591890968.537][SEVERE]: Timed out receiving message from renderer: 0.100
[1591890968.644][SEVERE]: Timed out receiving message from renderer: 0.100
[1591890968.747][SEVERE]: Timed out receiving message from renderer: 0.100
[1591890968.849][SEVERE]: Timed out receiving message from renderer: 0.100
[1591890968.952][SEVERE]: Timed out receiving message from renderer: 0.100
[1591890969.055][SEVERE]: Timed out receiving message from renderer: 0.100
[1591890969.158][SEVERE]: Timed out receiving message from renderer: 0.100
[1591890969.261][SEVERE]: Timed out receiving message from renderer: 0.100
[1591890969.520][SEVERE]: Timed out receiving message from renderer: 0.100
[1591890970.042][SEVERE]: Timed out receiving message from renderer: 0.100
[1591891107.573][SEVERE]: Timed out receiving message from renderer: 0.100
[1591891107.681][SEVERE]: Timed out receiving message from renderer: 0.100
[1591891107.788][SEVERE]: Timed out receiving message from renderer: 0.100
[1591891107.892][SEVERE]: Timed out receiving message from renderer: 0.100
[1591891107.994][SEVERE]: Timed out receiving message from renderer: 0.100
[1591891108.102][SEVERE]: Timed out receiving message from renderer: 0.100
[1591891108.207][SEVERE]: Timed out receiving message from renderer: 0.100
[1591891108.345][SEVERE]: Timed out receiving message from renderer: 0.100
[1591891108.451][SEVERE]: Timed out receiving message from renderer: 0.100
[1591891108.553][SEVERE]: Timed out receiving message from renderer: 0.100
[1591891108.663][SEVERE]: Timed out receiving message from renderer: 0.100
[1591891108.768][SEVERE]: Timed out receiving message from renderer: 0.100
[1591891108.874][SEVERE]: Timed out receiving message from renderer: 0.100
[1591891108.976][SEVERE]: Timed out receiving message from renderer: 0.100
[1591891109.089][SEVERE]: Timed out receiving message from renderer: 0.100
[1591891109.193][SEVERE]: Timed out receiving message from renderer: 0.100
[1591891109.295][SEVERE]: Timed out receiving message from renderer: 0.100
[1591891109.400][SEVERE]: Timed out receiving message from renderer: 0.100
[1591891109.502][SEVERE]: Timed out receiving message from renderer: 0.100
[1591891109.610][SEVERE]: Timed out receiving message from renderer: 0.100
[1591891109.712][SEVERE]: Timed out receiving message from renderer: 0.100
[1591891109.818][SEVERE]: Timed out receiving message from renderer: 0.100
[1591891109.920][SEVERE]: Timed out receiving message from renderer: 0.100
[1591891110.022][SEVERE]: Timed out receiving message from renderer: 0.100
[1591891110.127][SEVERE]: Timed out receiving message from renderer: 0.100
[1591891110.229][SEVERE]: Timed out receiving message from renderer: 0.100
[1591891110.334][SEVERE]: Timed out receiving message from renderer: 0.100
[1591891110.437][SEVERE]: Timed out receiving message from renderer: 0.100
[1591891110.541][SEVERE]: Timed out receiving message from renderer: 0.100
[1591891110.645][SEVERE]: Timed out receiving message from renderer: 0.100
[1591891110.751][SEVERE]: Timed out receiving message from renderer: 0.100
[1591891110.854][SEVERE]: Timed out receiving message from renderer: 0.100
[1591891110.956][SEVERE]: Timed out receiving message from renderer: 0.100
[1591891111.059][SEVERE]: Timed out receiving message from renderer: 0.100
[1591891111.161][SEVERE]: Timed out receiving message from renderer: 0.100
[1591891111.264][SEVERE]: Timed out receiving message from renderer: 0.100
[1591891111.535][SEVERE]: Timed out receiving message from renderer: 0.100
[1591891111.809][SEVERE]: Timed out receiving message from renderer: 0.100
[1591891113.944][SEVERE]: Timed out receiving message from renderer: 0.100
[1591891114.522][SEVERE]: Timed out receiving message from renderer: 0.100
[1591891114.868][SEVERE]: Timed out receiving message from renderer: 0.100
]]></system-err>
  </testcase>
  <testcase name="TC002" classname="Assignment3.Test_TC002" time="40.175">
    <failure message="no such element: Unable to locate element: {&quot;method&quot;:&quot;css selector&quot;,&quot;selector&quot;:&quot;#hotel\-checkin\-hp\-hotel&quot;}&#10;  (Session info: chrome=81.0.4044.138)&#10;For documentation on this error, please visit: https://www.seleniumhq.org/exceptions/no_such_element.html&#10;Build info: version: &apos;3.141.59&apos;, revision: &apos;e82be7d358&apos;, time: &apos;2018-11-14T08:17:03&apos;&#10;System info: host: &apos;LAPTOP-CHFSUI5B&apos;, ip: &apos;192.168.100.12&apos;, os.name: &apos;Windows 10&apos;, os.arch: &apos;amd64&apos;, os.version: &apos;10.0&apos;, java.version: &apos;14&apos;&#10;Driver info: org.openqa.selenium.chrome.ChromeDriver&#10;Capabilities {acceptInsecureCerts: false, browserName: chrome, browserVersion: 81.0.4044.138, chrome: {chromedriverVersion: 81.0.4044.138 (8c6c7ba89cc9..., userDataDir: C:\Users\SUNIL_~1\AppData\L...}, goog:chromeOptions: {debuggerAddress: localhost:51556}, javascriptEnabled: true, networkConnectionEnabled: false, pageLoadStrategy: normal, platform: WINDOWS, platformName: WINDOWS, proxy: Proxy(), setWindowRect: true, strictFileInteractability: false, timeouts: {implicit: 0, pageLoad: 300000, script: 30000}, unhandledPromptBehavior: dismiss and notify, webauthn:virtualAuthenticators: true}&#10;Session ID: 1baac25e7c47c2f98800e268bc8e43f9&#10;*** Element info: {Using=id, value=hotel-checkin-hp-hotel}" type="org.openqa.selenium.NoSuchElementException">org.openqa.selenium.NoSuchElementException: 
no such element: Unable to locate element: {"method":"css selector","selector":"#hotel\-checkin\-hp\-hotel"}
  (Session info: chrome=81.0.4044.138)
For documentation on this error, please visit: https://www.seleniumhq.org/exceptions/no_such_element.html
Build info: version: '3.141.59', revision: 'e82be7d358', time: '2018-11-14T08:17:03'
System info: host: 'LAPTOP-CHFSUI5B', ip: '192.168.100.12', os.name: 'Windows 10', os.arch: 'amd64', os.version: '10.0', java.version: '14'
Driver info: org.openqa.selenium.chrome.ChromeDriver
Capabilities {acceptInsecureCerts: false, browserName: chrome, browserVersion: 81.0.4044.138, chrome: {chromedriverVersion: 81.0.4044.138 (8c6c7ba89cc9..., userDataDir: C:\Users\SUNIL_~1\AppData\L...}, goog:chromeOptions: {debuggerAddress: localhost:51556}, javascriptEnabled: true, networkConnectionEnabled: false, pageLoadStrategy: normal, platform: WINDOWS, platformName: WINDOWS, proxy: Proxy(), setWindowRect: true, strictFileInteractability: false, timeouts: {implicit: 0, pageLoad: 300000, script: 30000}, unhandledPromptBehavior: dismiss and notify, webauthn:virtualAuthenticators: true}
Session ID: 1baac25e7c47c2f98800e268bc8e43f9
*** Element info: {Using=id, value=hotel-checkin-hp-hotel}
	at Assignment3.Test_TC002.TC002(Test_TC002.java:52)
</failure>
    <system-out><![CDATA[value of ExecutionCount :1
_______________________________
TC-001 STEP-1: SUCCESS
_______________________________
_______________________________
TC-002 STEP-3: 1. Click on Hotel tab  SUCCESS
_______________________________
]]></system-out>
    <system-err><![CDATA[Starting ChromeDriver 81.0.4044.138 (8c6c7ba89cc9453625af54f11fd83179e23450fa-refs/branch-heads/4044@{#999}) on port 38620
Only local connections are allowed.
Please protect ports used by ChromeDriver and related test frameworks to prevent access by malicious code.
Jun 11, 2020 9:28:38 PM org.openqa.selenium.remote.ProtocolHandshake createSession
INFO: Detected dialect: W3C
[1591891121.138][SEVERE]: Timed out receiving message from renderer: 0.100
[1591891121.354][SEVERE]: Timed out receiving message from renderer: 0.100
[1591891122.321][SEVERE]: Timed out receiving message from renderer: 0.100
[1591891122.675][SEVERE]: Timed out receiving message from renderer: 0.100
[1591891123.358][SEVERE]: Timed out receiving message from renderer: 0.100
[1591891134.140][SEVERE]: Timed out receiving message from renderer: 0.100
[1591891134.354][SEVERE]: Timed out receiving message from renderer: 0.100
]]></system-err>
  </testcase>
  <testcase name="TC002" classname="Assignment3.Test_TC002" time="19.789">
    <failure message="expected [https://www.expedia.co.in/] but found [https://www.expedia.co.in/?pwaLob=wizard-hotel-pwa-v2]" type="java.lang.AssertionError">java.lang.AssertionError: expected [https://www.expedia.co.in/] but found [https://www.expedia.co.in/?pwaLob=wizard-hotel-pwa-v2]
	at Assignment3.Test_TC002.TC002(Test_TC002.java:45)
</failure>
    <system-out><![CDATA[value of ExecutionCount :2
]]></system-out>
    <system-err><![CDATA[Starting ChromeDriver 81.0.4044.138 (8c6c7ba89cc9453625af54f11fd83179e23450fa-refs/branch-heads/4044@{#999}) on port 24305
Only local connections are allowed.
Please protect ports used by ChromeDriver and related test frameworks to prevent access by malicious code.
Jun 11, 2020 9:29:19 PM org.openqa.selenium.remote.ProtocolHandshake createSession
INFO: Detected dialect: W3C
[1591891163.808][SEVERE]: Timed out receiving message from renderer: 0.100
[1591891164.007][SEVERE]: Timed out receiving message from renderer: 0.100
[1591891164.109][SEVERE]: Timed out receiving message from renderer: 0.100
[1591891164.434][SEVERE]: Timed out receiving message from renderer: 0.100
[1591891164.906][SEVERE]: Timed out receiving message from renderer: 0.100
[1591891165.160][SEVERE]: Timed out receiving message from renderer: 0.100
[1591891167.343][SEVERE]: Timed out receiving message from renderer: 0.100
[1591891168.941][SEVERE]: Timed out receiving message from renderer: 0.100
[1591891169.073][SEVERE]: Timed out receiving message from renderer: 0.100
[1591891169.276][SEVERE]: Timed out receiving message from renderer: 0.100
[1591891169.391][SEVERE]: Timed out receiving message from renderer: 0.100
[1591891169.495][SEVERE]: Timed out receiving message from renderer: 0.100
[1591891169.702][SEVERE]: Timed out receiving message from renderer: 0.100
[1591891169.807][SEVERE]: Timed out receiving message from renderer: 0.100
[1591891170.250][SEVERE]: Timed out receiving message from renderer: 0.100
[1591891170.465][SEVERE]: Timed out receiving message from renderer: 0.100
[1591891170.630][SEVERE]: Timed out receiving message from renderer: 0.100
[1591891170.992][SEVERE]: Timed out receiving message from renderer: 0.100
[1591891171.103][SEVERE]: Timed out receiving message from renderer: 0.100
[1591891171.207][SEVERE]: Timed out receiving message from renderer: 0.100
[1591891171.312][SEVERE]: Timed out receiving message from renderer: 0.100
[1591891171.487][SEVERE]: Timed out receiving message from renderer: 0.100
[1591891171.752][SEVERE]: Timed out receiving message from renderer: 0.100
[1591891171.872][SEVERE]: Timed out receiving message from renderer: 0.100
[1591891171.994][SEVERE]: Timed out receiving message from renderer: 0.100
[1591891172.106][SEVERE]: Timed out receiving message from renderer: 0.100
[1591891172.219][SEVERE]: Timed out receiving message from renderer: 0.100
[1591891172.325][SEVERE]: Timed out receiving message from renderer: 0.100
[1591891172.457][SEVERE]: Timed out receiving message from renderer: 0.100
[1591891172.643][SEVERE]: Timed out receiving message from renderer: 0.100
[1591891172.816][SEVERE]: Timed out receiving message from renderer: 0.100
[1591891172.941][SEVERE]: Timed out receiving message from renderer: 0.100
[1591891173.044][SEVERE]: Timed out receiving message from renderer: 0.100
[1591891173.147][SEVERE]: Timed out receiving message from renderer: 0.100
[1591891173.252][SEVERE]: Timed out receiving message from renderer: 0.100
[1591891173.354][SEVERE]: Timed out receiving message from renderer: 0.100
[1591891173.456][SEVERE]: Timed out receiving message from renderer: 0.100
[1591891173.560][SEVERE]: Timed out receiving message from renderer: 0.100
[1591891173.675][SEVERE]: Timed out receiving message from renderer: 0.100
[1591891173.789][SEVERE]: Timed out receiving message from renderer: 0.100
[1591891174.026][SEVERE]: Timed out receiving message from renderer: 0.100
[1591891174.158][SEVERE]: Timed out receiving message from renderer: 0.100
[1591891174.262][SEVERE]: Timed out receiving message from renderer: 0.100
[1591891174.369][SEVERE]: Timed out receiving message from renderer: 0.100
[1591891174.474][SEVERE]: Timed out receiving message from renderer: 0.100
[1591891174.698][SEVERE]: Timed out receiving message from renderer: 0.100
[1591891174.803][SEVERE]: Timed out receiving message from renderer: 0.100
[1591891174.908][SEVERE]: Timed out receiving message from renderer: 0.100
[1591891175.013][SEVERE]: Timed out receiving message from renderer: 0.100
[1591891175.116][SEVERE]: Timed out receiving message from renderer: 0.100
[1591891175.323][SEVERE]: Timed out receiving message from renderer: 0.100
]]></system-err>
  </testcase>
</testsuite>