<?xml version="1.0" encoding="UTF-8"?>
<!-- Generated by org.testng.reporters.JUnitXMLReporter -->
<testsuite hostname="LAPTOP-CHFSUI5B" failures="0" tests="3" name="Default test" time="1.928" errors="0" timestamp="11 Jun 2020 17:28:50 GMT">
  <testcase classname="Assignment3.Test_TC001" name="@BeforeTest LoginTest" time="0.0">
    <failure type="org.testng.TestNGException" message="
Parameter &amp;apos;emailId&amp;apos; is required by @Configuration on method LoginTest but has not been marked @Optional or defined
in C:\Users\sunil_Anil\AppData\Local\Temp\testng-eclipse--971946360\testng-customsuite.xml">
      <![CDATA[org.testng.TestNGException: 
Parameter 'emailId' is required by @Configuration on method LoginTest but has not been marked @Optional or defined
in C:\Users\sunil_Anil\AppData\Local\Temp\testng-eclipse--971946360\testng-customsuite.xml
	at org.testng.internal.Parameters.createParameters(Parameters.java:155)
	at org.testng.internal.Parameters.createParameters(Parameters.java:355)
	at org.testng.internal.Parameters.createConfigurationParameters(Parameters.java:86)
	at org.testng.internal.Invoker.invokeConfigurations(Invoker.java:199)
	at org.testng.internal.Invoker.invokeConfigurations(Invoker.java:138)
	at org.testng.TestRunner.beforeRun(TestRunner.java:641)
	at org.testng.TestRunner.run(TestRunner.java:609)
	at org.testng.SuiteRunner.runTest(SuiteRunner.java:334)
	at org.testng.SuiteRunner.runSequentially(SuiteRunner.java:329)
	at org.testng.SuiteRunner.privateRun(SuiteRunner.java:291)
	at org.testng.SuiteRunner.run(SuiteRunner.java:240)
	at org.testng.SuiteRunnerWorker.runSuite(SuiteRunnerWorker.java:52)
	at org.testng.SuiteRunnerWorker.run(SuiteRunnerWorker.java:86)
	at org.testng.TestNG.runSuitesSequentially(TestNG.java:1198)
	at org.testng.TestNG.runSuitesLocally(TestNG.java:1123)
	at org.testng.TestNG.run(TestNG.java:1031)
	at org.testng.remote.AbstractRemoteTestNG.run(AbstractRemoteTestNG.java:115)
	at org.testng.remote.RemoteTestNG.initAndRun(RemoteTestNG.java:251)
	at org.testng.remote.RemoteTestNG.main(RemoteTestNG.java:77)
]]>
    </failure>
  </testcase> <!-- @BeforeTest LoginTest -->
  <testcase classname="Assignment3.Test_TC001" name="TC_001" time="0.022">
    <skipped/>
  </testcase> <!-- TC_001 -->
  <testcase classname="Assignment3.Test_TC001" name="TC_001" time="0.005">
    <skipped/>
  </testcase> <!-- TC_001 -->
  <testcase classname="Assignment3.Test_TC001" name="TC_001" time="0.002">
    <skipped/>
  </testcase> <!-- TC_001 -->
</testsuite> <!-- Default test -->
